Running ./easyrsa init-pki
init-pki completed
Running ./easyrsa build-ca
Generating RSA private key, 2048 bit long modulus
..............................+++
...........................................................................................+++
e is 65537 (0x10001)
build-ca complete
Running ./easyrsa gen-req server
Generating a 2048 bit RSA private key
............+++
.........................+++
writing new private key to '/home/franco/Funding/Galois/IC-2022/ElemCourse/cdest/contest/keys/private/server.key.NPP6cNmaQt'
-----
gen-req server completed
Running sign-req server server
Using configuration from /home/franco/Funding/Galois/IC-2022/ElemCourse/cdest/contest/keys/safessl-easyrsa.cnf
Check that the request matches the signature
Signature ok
The Subject's Distinguished Name is as follows
countryName           :PRINTABLE:'US'
stateOrProvinceName   :ASN.1 12:'California'
localityName          :ASN.1 12:'San Francisco'
organizationName      :ASN.1 12:'Copyleft Certificate Co'
organizationalUnitName:ASN.1 12:'My Organizational Unit'
commonName            :ASN.1 12:'ChangeMe'
emailAddress          :IA5STRING:'me@example.net'
Certificate is to be certified until Nov 10 14:49:37 2024 GMT (365 days)

Write out database with 1 new entries
Data Base Updated
sign -req server server completed
Running workaround for 0
workaround for 0 completed
Running easyrsa sign-req client0
Using configuration from /home/franco/Funding/Galois/IC-2022/ElemCourse/cdest/contest/keys/safessl-easyrsa.cnf
Check that the request matches the signature
Signature ok
The Subject's Distinguished Name is as follows
countryName           :PRINTABLE:'US'
stateOrProvinceName   :ASN.1 12:'OH'
localityName          :ASN.1 12:'Cincinnati'
organizationName      :ASN.1 12:'University of Cincinnati .'
organizationalUnitName:ASN.1 12:'Dept. Elec. Comp. . Eng. Comp. Sci.'
commonName            :ASN.1 12:'client0'
emailAddress          :IA5STRING:'franco@gauss.ececs.uc.edu'
Certificate is to be certified until Nov 10 14:49:42 2024 GMT (365 days)

Write out database with 1 new entries
Data Base Updated
sign-req for client0 completed
Add ccd entry for client0
ccd entry for client0 completed
Putting entry for client0 into ipp.txt
ipp.txt entry for client0 completed
Running workaround for 1
workaround for 1 completed
Running easyrsa sign-req client1
Using configuration from /home/franco/Funding/Galois/IC-2022/ElemCourse/cdest/contest/keys/safessl-easyrsa.cnf
Check that the request matches the signature
Signature ok
The Subject's Distinguished Name is as follows
countryName           :PRINTABLE:'US'
stateOrProvinceName   :ASN.1 12:'OH'
localityName          :ASN.1 12:'Cincinnati'
organizationName      :ASN.1 12:'University of Cincinnati .'
organizationalUnitName:ASN.1 12:'Dept. Elec. Comp. . Eng. Comp. Sci.'
commonName            :ASN.1 12:'client1'
emailAddress          :IA5STRING:'franco@gauss.ececs.uc.edu'
Certificate is to be certified until Nov 10 14:49:46 2024 GMT (365 days)

Write out database with 1 new entries
Data Base Updated
sign-req for client1 completed
Add ccd entry for client1
Putting entry for client1 into ipp.txt
ccd entry for client1 completed
ipp.txt entry for client1 completed
Running workaround for 2
workaround for 2 completed
Running easyrsa sign-req client2
Using configuration from /home/franco/Funding/Galois/IC-2022/ElemCourse/cdest/contest/keys/safessl-easyrsa.cnf
Check that the request matches the signature
Signature ok
The Subject's Distinguished Name is as follows
countryName           :PRINTABLE:'US'
stateOrProvinceName   :ASN.1 12:'OH'
localityName          :ASN.1 12:'Cincinnati'
organizationName      :ASN.1 12:'University of Cincinnati .'
organizationalUnitName:ASN.1 12:'Dept. Elec. Comp. . Eng. Comp. Sci.'
commonName            :ASN.1 12:'client2'
emailAddress          :IA5STRING:'franco@gauss.ececs.uc.edu'
Certificate is to be certified until Nov 10 14:49:50 2024 GMT (365 days)

Write out database with 1 new entries
Data Base Updated
sign-req for client2 completed
Add ccd entry for client2
ccd entry for client2 completed
Putting entry for client2 into ipp.txt
ipp.txt entry for client2 completed
Running workaround for 3
workaround for 3 completed
Running easyrsa sign-req client3
Using configuration from /home/franco/Funding/Galois/IC-2022/ElemCourse/cdest/contest/keys/safessl-easyrsa.cnf
Check that the request matches the signature
Signature ok
The Subject's Distinguished Name is as follows
countryName           :PRINTABLE:'US'
stateOrProvinceName   :ASN.1 12:'OH'
localityName          :ASN.1 12:'Cincinnati'
organizationName      :ASN.1 12:'University of Cincinnati .'
organizationalUnitName:ASN.1 12:'Dept. Elec. Comp. . Eng. Comp. Sci.'
commonName            :ASN.1 12:'client3'
emailAddress          :IA5STRING:'franco@gauss.ececs.uc.edu'
Certificate is to be certified until Nov 10 14:49:54 2024 GMT (365 days)

Write out database with 1 new entries
Data Base Updated
sign-req for client3 completed
Add ccd entry for client3
ccd entry for client3 completed
Putting entry for client3 into ipp.txt
ipp.txt entry for client3 completed
Running workaround for 4
workaround for 4 completed
Running easyrsa sign-req client4
Using configuration from /home/franco/Funding/Galois/IC-2022/ElemCourse/cdest/contest/keys/safessl-easyrsa.cnf
Check that the request matches the signature
Signature ok
The Subject's Distinguished Name is as follows
countryName           :PRINTABLE:'US'
stateOrProvinceName   :ASN.1 12:'OH'
localityName          :ASN.1 12:'Cincinnati'
organizationName      :ASN.1 12:'University of Cincinnati .'
organizationalUnitName:ASN.1 12:'Dept. Elec. Comp. . Eng. Comp. Sci.'
commonName            :ASN.1 12:'client4'
emailAddress          :IA5STRING:'franco@gauss.ececs.uc.edu'
Certificate is to be certified until Nov 10 14:49:58 2024 GMT (365 days)

Write out database with 1 new entries
Data Base Updated
sign-req for client4 completed
Add ccd entry for client4
Putting entry for client4 into ipp.txt
ccd entry for client4 completed
ipp.txt entry for client4 completed
Running workaround for 5
workaround for 5 completed
Running easyrsa sign-req client5
Using configuration from /home/franco/Funding/Galois/IC-2022/ElemCourse/cdest/contest/keys/safessl-easyrsa.cnf
Check that the request matches the signature
Signature ok
The Subject's Distinguished Name is as follows
countryName           :PRINTABLE:'US'
stateOrProvinceName   :ASN.1 12:'OH'
localityName          :ASN.1 12:'Cincinnati'
organizationName      :ASN.1 12:'University of Cincinnati .'
organizationalUnitName:ASN.1 12:'Dept. Elec. Comp. . Eng. Comp. Sci.'
commonName            :ASN.1 12:'client5'
emailAddress          :IA5STRING:'franco@gauss.ececs.uc.edu'
Certificate is to be certified until Nov 10 14:50:02 2024 GMT (365 days)

Write out database with 1 new entries
Data Base Updated
sign-req for client5 completed
Add ccd entry for client5
ccd entry for client5 completed
Putting entry for client5 into ipp.txt
ipp.txt entry for client5 completed
Running workaround for 6
workaround for 6 completed
Running easyrsa sign-req client6
Using configuration from /home/franco/Funding/Galois/IC-2022/ElemCourse/cdest/contest/keys/safessl-easyrsa.cnf
Check that the request matches the signature
Signature ok
The Subject's Distinguished Name is as follows
countryName           :PRINTABLE:'US'
stateOrProvinceName   :ASN.1 12:'OH'
localityName          :ASN.1 12:'Cincinnati'
organizationName      :ASN.1 12:'University of Cincinnati .'
organizationalUnitName:ASN.1 12:'Dept. Elec. Comp. . Eng. Comp. Sci.'
commonName            :ASN.1 12:'client6'
emailAddress          :IA5STRING:'franco@gauss.ececs.uc.edu'
Certificate is to be certified until Nov 10 14:50:06 2024 GMT (365 days)

Write out database with 1 new entries
Data Base Updated
sign-req for client6 completed
Add ccd entry for client6
ccd entry for client6 completed
Putting entry for client6 into ipp.txt
ipp.txt entry for client6 completed
Running workaround for 7
workaround for 7 completed
Running easyrsa sign-req client7
Using configuration from /home/franco/Funding/Galois/IC-2022/ElemCourse/cdest/contest/keys/safessl-easyrsa.cnf
Check that the request matches the signature
Signature ok
The Subject's Distinguished Name is as follows
countryName           :PRINTABLE:'US'
stateOrProvinceName   :ASN.1 12:'OH'
localityName          :ASN.1 12:'Cincinnati'
organizationName      :ASN.1 12:'University of Cincinnati .'
organizationalUnitName:ASN.1 12:'Dept. Elec. Comp. . Eng. Comp. Sci.'
commonName            :ASN.1 12:'client7'
emailAddress          :IA5STRING:'franco@gauss.ececs.uc.edu'
Certificate is to be certified until Nov 10 14:50:10 2024 GMT (365 days)

Write out database with 1 new entries
Data Base Updated
sign-req for client7 completed
Add ccd entry for client7
ccd entry for client7 completed
Putting entry for client7 into ipp.txt
ipp.txt entry for client7 completed
Running workaround for 8
workaround for 8 completed
Running easyrsa sign-req client8
Using configuration from /home/franco/Funding/Galois/IC-2022/ElemCourse/cdest/contest/keys/safessl-easyrsa.cnf
Check that the request matches the signature
Signature ok
The Subject's Distinguished Name is as follows
countryName           :PRINTABLE:'US'
stateOrProvinceName   :ASN.1 12:'OH'
localityName          :ASN.1 12:'Cincinnati'
organizationName      :ASN.1 12:'University of Cincinnati .'
organizationalUnitName:ASN.1 12:'Dept. Elec. Comp. . Eng. Comp. Sci.'
commonName            :ASN.1 12:'client8'
emailAddress          :IA5STRING:'franco@gauss.ececs.uc.edu'
Certificate is to be certified until Nov 10 14:50:14 2024 GMT (365 days)

Write out database with 1 new entries
Data Base Updated
sign-req for client8 completed
Add ccd entry for client8
ccd entry for client8 completed
Putting entry for client8 into ipp.txt
ipp.txt entry for client8 completed
Running workaround for 9
workaround for 9 completed
Running easyrsa sign-req client9
Using configuration from /home/franco/Funding/Galois/IC-2022/ElemCourse/cdest/contest/keys/safessl-easyrsa.cnf
Check that the request matches the signature
Signature ok
The Subject's Distinguished Name is as follows
countryName           :PRINTABLE:'US'
stateOrProvinceName   :ASN.1 12:'OH'
localityName          :ASN.1 12:'Cincinnati'
organizationName      :ASN.1 12:'University of Cincinnati .'
organizationalUnitName:ASN.1 12:'Dept. Elec. Comp. . Eng. Comp. Sci.'
commonName            :ASN.1 12:'client9'
emailAddress          :IA5STRING:'franco@gauss.ececs.uc.edu'
Certificate is to be certified until Nov 10 14:50:18 2024 GMT (365 days)

Write out database with 1 new entries
Data Base Updated
sign-req for client9 completed
Add ccd entry for client9
ccd entry for client9 completed
Putting entry for client9 into ipp.txt
ipp.txt entry for client9 completed
Running workaround for 10
workaround for 10 completed
Running easyrsa sign-req client10
Using configuration from /home/franco/Funding/Galois/IC-2022/ElemCourse/cdest/contest/keys/safessl-easyrsa.cnf
Check that the request matches the signature
Signature ok
The Subject's Distinguished Name is as follows
countryName           :PRINTABLE:'US'
stateOrProvinceName   :ASN.1 12:'OH'
localityName          :ASN.1 12:'Cincinnati'
organizationName      :ASN.1 12:'University of Cincinnati .'
organizationalUnitName:ASN.1 12:'Dept. Elec. Comp. . Eng. Comp. Sci.'
commonName            :ASN.1 12:'client10'
emailAddress          :IA5STRING:'franco@gauss.ececs.uc.edu'
Certificate is to be certified until Nov 10 14:50:22 2024 GMT (365 days)

Write out database with 1 new entries
Data Base Updated
sign-req for client10 completed
Add ccd entry for client10
Putting entry for client10 into ipp.txt
ipp.txt entry for client10 completed
ccd entry for client10 completed
Running workaround for 11
workaround for 11 completed
Running easyrsa sign-req client11
Using configuration from /home/franco/Funding/Galois/IC-2022/ElemCourse/cdest/contest/keys/safessl-easyrsa.cnf
Check that the request matches the signature
Signature ok
The Subject's Distinguished Name is as follows
countryName           :PRINTABLE:'US'
stateOrProvinceName   :ASN.1 12:'OH'
localityName          :ASN.1 12:'Cincinnati'
organizationName      :ASN.1 12:'University of Cincinnati .'
organizationalUnitName:ASN.1 12:'Dept. Elec. Comp. . Eng. Comp. Sci.'
commonName            :ASN.1 12:'client11'
emailAddress          :IA5STRING:'franco@gauss.ececs.uc.edu'
Certificate is to be certified until Nov 10 14:50:26 2024 GMT (365 days)

Write out database with 1 new entries
Data Base Updated
sign-req for client11 completed
Add ccd entry for client11
ccd entry for client11 completed
Putting entry for client11 into ipp.txt
ipp.txt entry for client11 completed
Running workaround for 12
workaround for 12 completed
Running easyrsa sign-req client12
Using configuration from /home/franco/Funding/Galois/IC-2022/ElemCourse/cdest/contest/keys/safessl-easyrsa.cnf
Check that the request matches the signature
Signature ok
The Subject's Distinguished Name is as follows
countryName           :PRINTABLE:'US'
stateOrProvinceName   :ASN.1 12:'OH'
localityName          :ASN.1 12:'Cincinnati'
organizationName      :ASN.1 12:'University of Cincinnati .'
organizationalUnitName:ASN.1 12:'Dept. Elec. Comp. . Eng. Comp. Sci.'
commonName            :ASN.1 12:'client12'
emailAddress          :IA5STRING:'franco@gauss.ececs.uc.edu'
Certificate is to be certified until Nov 10 14:50:30 2024 GMT (365 days)

Write out database with 1 new entries
Data Base Updated
sign-req for client12 completed
Add ccd entry for client12
ccd entry for client12 completed
Putting entry for client12 into ipp.txt
ipp.txt entry for client12 completed
Running workaround for 13
workaround for 13 completed
Running easyrsa sign-req client13
Using configuration from /home/franco/Funding/Galois/IC-2022/ElemCourse/cdest/contest/keys/safessl-easyrsa.cnf
Check that the request matches the signature
Signature ok
The Subject's Distinguished Name is as follows
countryName           :PRINTABLE:'US'
stateOrProvinceName   :ASN.1 12:'OH'
localityName          :ASN.1 12:'Cincinnati'
organizationName      :ASN.1 12:'University of Cincinnati .'
organizationalUnitName:ASN.1 12:'Dept. Elec. Comp. . Eng. Comp. Sci.'
commonName            :ASN.1 12:'client13'
emailAddress          :IA5STRING:'franco@gauss.ececs.uc.edu'
Certificate is to be certified until Nov 10 14:50:34 2024 GMT (365 days)

Write out database with 1 new entries
Data Base Updated
sign-req for client13 completed
Add ccd entry for client13
ccd entry for client13 completed
Putting entry for client13 into ipp.txt
ipp.txt entry for client13 completed
Running workaround for 14
workaround for 14 completed
