Mon Nov 27 15:14:34 EST 2023: ---- Scorer starting ----
Mon Nov 27 15:14:34 EST 2023: "Scorer": service ping is up
Mon Nov 27 15:14:34 EST 2023: ---- Scorer ending ----
Mon Nov 27 15:14:44 EST 2023: ---- John_Franco starting ----
Mon Nov 27 15:14:44 EST 2023: "John_Franco": service ping is up
Mon Nov 27 15:14:44 EST 2023: ---- John_Franco ending ----
Mon Nov 27 15:14:54 EST 2023: ---- John_F starting ----
Mon Nov 27 15:14:55 EST 2023: "John_F": service ping is up
Mon Nov 27 15:14:55 EST 2023: ---- John_F ending ----
Mon Nov 27 15:15:04 EST 2023: ---- Scorer starting ----
Mon Nov 27 15:15:04 EST 2023: "Scorer": service ping is up
Mon Nov 27 15:15:04 EST 2023: ---- Scorer ending ----
Mon Nov 27 15:15:14 EST 2023: ---- John_Franco starting ----
Mon Nov 27 15:15:14 EST 2023: "John_Franco": service ping is up
Mon Nov 27 15:15:14 EST 2023: ---- John_Franco ending ----
Mon Nov 27 15:15:24 EST 2023: ---- John_F starting ----
Mon Nov 27 15:15:24 EST 2023: "John_F": service ping is up
Mon Nov 27 15:15:24 EST 2023: ---- John_F ending ----
Mon Nov 27 15:15:34 EST 2023: ---- Scorer starting ----
Mon Nov 27 15:15:34 EST 2023: "Scorer": service ping is up
Mon Nov 27 15:15:34 EST 2023: ---- Scorer ending ----
Mon Nov 27 15:15:44 EST 2023: ---- John_Franco starting ----
Mon Nov 27 15:15:44 EST 2023: "John_Franco": service ping is up
Mon Nov 27 15:15:44 EST 2023: ---- John_Franco ending ----
Mon Nov 27 15:15:54 EST 2023: ---- John_F starting ----
Mon Nov 27 15:15:54 EST 2023: "John_F": service ping is up
Mon Nov 27 15:15:54 EST 2023: ---- John_F ending ----
Mon Nov 27 15:16:04 EST 2023: ---- Scorer starting ----
Mon Nov 27 15:16:04 EST 2023: "Scorer": service ping is up
Mon Nov 27 15:16:04 EST 2023: ---- Scorer ending ----
Mon Nov 27 15:16:14 EST 2023: ---- John_Franco starting ----
Mon Nov 27 15:16:14 EST 2023: "John_Franco": service ping is up
Mon Nov 27 15:16:14 EST 2023: ---- John_Franco ending ----
Mon Nov 27 15:16:24 EST 2023: ---- John_F starting ----
Mon Nov 27 15:16:24 EST 2023: "John_F": service ping is up
Mon Nov 27 15:16:24 EST 2023: ---- John_F ending ----
Mon Nov 27 15:16:34 EST 2023: ---- Scorer starting ----
Mon Nov 27 15:16:34 EST 2023: "Scorer": service ping is up
Mon Nov 27 15:16:34 EST 2023: ---- Scorer ending ----
Mon Nov 27 15:16:44 EST 2023: ---- John_Franco starting ----
Mon Nov 27 15:16:44 EST 2023: "John_Franco": service ping is up
Mon Nov 27 15:16:44 EST 2023: ---- John_Franco ending ----
Mon Nov 27 15:16:54 EST 2023: ---- John_F starting ----
Mon Nov 27 15:16:54 EST 2023: "John_F": service ping is up
Mon Nov 27 15:16:54 EST 2023: ---- John_F ending ----
Mon Nov 27 15:17:04 EST 2023: ---- Scorer starting ----
Mon Nov 27 15:17:04 EST 2023: "Scorer": service ping is up
Mon Nov 27 15:17:04 EST 2023: ---- Scorer ending ----
Mon Nov 27 15:17:14 EST 2023: ---- John_Franco starting ----
Mon Nov 27 15:17:14 EST 2023: "John_Franco": service ping is up
Mon Nov 27 15:17:14 EST 2023: ---- John_Franco ending ----
Mon Nov 27 15:17:24 EST 2023: ---- John_F starting ----
Mon Nov 27 15:17:25 EST 2023: "John_F": service ping is up
Mon Nov 27 15:17:25 EST 2023: ---- John_F ending ----
Mon Nov 27 15:17:34 EST 2023: ---- Scorer starting ----
Mon Nov 27 15:17:34 EST 2023: "Scorer": service ping is up
Mon Nov 27 15:17:34 EST 2023: ---- Scorer ending ----
Mon Nov 27 15:17:44 EST 2023: ---- John_Franco starting ----
Mon Nov 27 15:17:44 EST 2023: "John_Franco": service ping is up
Mon Nov 27 15:17:44 EST 2023: ---- John_Franco ending ----
Mon Nov 27 15:17:54 EST 2023: ---- John_F starting ----
Mon Nov 27 15:17:54 EST 2023: "John_F": service ping is up
Mon Nov 27 15:17:54 EST 2023: ---- John_F ending ----
Mon Nov 27 15:18:04 EST 2023: ---- Scorer starting ----
Mon Nov 27 15:18:04 EST 2023: "Scorer": service ping is up
Mon Nov 27 15:18:04 EST 2023: ---- Scorer ending ----
Mon Nov 27 15:18:14 EST 2023: ---- John_Franco starting ----
Mon Nov 27 15:18:14 EST 2023: "John_Franco": service ping is up
Mon Nov 27 15:18:14 EST 2023: ---- John_Franco ending ----
Mon Nov 27 15:18:24 EST 2023: ---- John_F starting ----
Mon Nov 27 15:18:24 EST 2023: "John_F": service ping is up
Mon Nov 27 15:18:24 EST 2023: ---- John_F ending ----
Mon Nov 27 15:18:34 EST 2023: ---- Scorer starting ----
Mon Nov 27 15:18:34 EST 2023: "Scorer": service ping is up
Mon Nov 27 15:18:34 EST 2023: ---- Scorer ending ----
Mon Nov 27 15:18:44 EST 2023: ---- John_Franco starting ----
Mon Nov 27 15:18:44 EST 2023: "John_Franco": service ping is up
Mon Nov 27 15:18:44 EST 2023: ---- John_Franco ending ----
Mon Nov 27 15:18:54 EST 2023: ---- John_F starting ----
Mon Nov 27 15:18:54 EST 2023: "John_F": service ping is up
Mon Nov 27 15:18:54 EST 2023: ---- John_F ending ----
Mon Nov 27 15:19:04 EST 2023: ---- Scorer starting ----
Mon Nov 27 15:19:04 EST 2023: "Scorer": service ping is up
Mon Nov 27 15:19:04 EST 2023: ---- Scorer ending ----
Mon Nov 27 15:19:14 EST 2023: ---- John_Franco starting ----
Mon Nov 27 15:19:14 EST 2023: "John_Franco": service ping is up
Mon Nov 27 15:19:14 EST 2023: ---- John_Franco ending ----
Mon Nov 27 15:19:24 EST 2023: ---- John_F starting ----
Mon Nov 27 15:19:24 EST 2023: "John_F": service ping is up
Mon Nov 27 15:19:24 EST 2023: ---- John_F ending ----
Mon Nov 27 15:19:34 EST 2023: ---- Scorer starting ----
Mon Nov 27 15:19:34 EST 2023: "Scorer": service ping is up
Mon Nov 27 15:19:34 EST 2023: ---- Scorer ending ----
Mon Nov 27 15:19:44 EST 2023: ---- John_Franco starting ----
Mon Nov 27 15:19:44 EST 2023: "John_Franco": service ping is up
Mon Nov 27 15:19:44 EST 2023: ---- John_Franco ending ----
Mon Nov 27 15:19:54 EST 2023: ---- John_F starting ----
Mon Nov 27 15:19:54 EST 2023: "John_F": service ping is up
Mon Nov 27 15:19:54 EST 2023: ---- John_F ending ----
Mon Nov 27 15:20:04 EST 2023: ---- Scorer starting ----
Mon Nov 27 15:20:04 EST 2023: "Scorer": service ping is up
Mon Nov 27 15:20:04 EST 2023: ---- Scorer ending ----
Mon Nov 27 15:20:14 EST 2023: ---- John_Franco starting ----
Mon Nov 27 15:20:14 EST 2023: "John_Franco": service ping is up
Mon Nov 27 15:20:14 EST 2023: ---- John_Franco ending ----
Mon Nov 27 15:20:24 EST 2023: ---- John_F starting ----
Mon Nov 27 15:20:24 EST 2023: "John_F": service ping is up
Mon Nov 27 15:20:24 EST 2023: ---- John_F ending ----
Mon Nov 27 15:20:34 EST 2023: ---- Scorer starting ----
Mon Nov 27 15:20:34 EST 2023: "Scorer": service ping is up
Mon Nov 27 15:20:34 EST 2023: ---- Scorer ending ----
Mon Nov 27 15:20:44 EST 2023: ---- John_Franco starting ----
Mon Nov 27 15:20:44 EST 2023: "John_Franco": service ping is up
Mon Nov 27 15:20:44 EST 2023: ---- John_Franco ending ----
Mon Nov 27 15:20:54 EST 2023: ---- John_F starting ----
Mon Nov 27 15:20:54 EST 2023: "John_F": service ping is up
Mon Nov 27 15:20:54 EST 2023: ---- John_F ending ----
Mon Nov 27 15:21:04 EST 2023: ---- Scorer starting ----
Mon Nov 27 15:21:04 EST 2023: "Scorer": service ping is up
Mon Nov 27 15:21:04 EST 2023: ---- Scorer ending ----
Mon Nov 27 15:22:24 EST 2023: ---- John_F starting ----
Mon Nov 27 15:22:25 EST 2023: "John_F": service ping is up
Mon Nov 27 15:22:25 EST 2023: ---- John_F ending ----
Mon Nov 27 15:22:34 EST 2023: ---- Scorer starting ----
Mon Nov 27 15:22:34 EST 2023: "Scorer": service ping is up
Mon Nov 27 15:22:34 EST 2023: ---- Scorer ending ----
Mon Nov 27 15:22:44 EST 2023: ---- John_Franco starting ----
Mon Nov 27 15:22:45 EST 2023: "John_Franco": service ping is up
Mon Nov 27 15:22:45 EST 2023: ---- John_Franco ending ----
Mon Nov 27 15:22:54 EST 2023: ---- John_F starting ----
Mon Nov 27 15:22:55 EST 2023: "John_F": service ping is up
Mon Nov 27 15:22:55 EST 2023: ---- John_F ending ----
Mon Nov 27 15:23:04 EST 2023: ---- Scorer starting ----
Mon Nov 27 15:23:04 EST 2023: "Scorer": service ping is up
Mon Nov 27 15:23:04 EST 2023: ---- Scorer ending ----
Mon Nov 27 15:23:14 EST 2023: ---- John_Franco starting ----
Mon Nov 27 15:23:14 EST 2023: "John_Franco": service ping is up
Mon Nov 27 15:23:14 EST 2023: ---- John_Franco ending ----
Mon Nov 27 15:23:24 EST 2023: ---- John_F starting ----
Mon Nov 27 15:23:24 EST 2023: "John_F": service ping is up
Mon Nov 27 15:23:24 EST 2023: ---- John_F ending ----
Mon Nov 27 15:23:34 EST 2023: ---- Scorer starting ----
Mon Nov 27 15:23:34 EST 2023: "Scorer": service ping is up
Mon Nov 27 15:23:34 EST 2023: ---- Scorer ending ----
Mon Nov 27 15:23:44 EST 2023: ---- John_Franco starting ----
Mon Nov 27 15:23:44 EST 2023: "John_Franco": service ping is up
Mon Nov 27 15:23:44 EST 2023: ---- John_Franco ending ----
Mon Nov 27 15:23:54 EST 2023: ---- John_F starting ----
Mon Nov 27 15:23:54 EST 2023: "John_F": service ping is up
Mon Nov 27 15:23:54 EST 2023: ---- John_F ending ----
Mon Nov 27 15:24:04 EST 2023: ---- Scorer starting ----
Mon Nov 27 15:24:04 EST 2023: "Scorer": service ping is up
Mon Nov 27 15:24:04 EST 2023: ---- Scorer ending ----
Mon Nov 27 15:24:14 EST 2023: ---- John_Franco starting ----
Mon Nov 27 15:24:14 EST 2023: "John_Franco": service ping is up
Mon Nov 27 15:24:14 EST 2023: ---- John_Franco ending ----
Mon Nov 27 15:24:24 EST 2023: ---- John_F starting ----
Mon Nov 27 15:24:24 EST 2023: "John_F": service ping is up
Mon Nov 27 15:24:24 EST 2023: ---- John_F ending ----
Mon Nov 27 15:24:34 EST 2023: ---- Scorer starting ----
Mon Nov 27 15:24:34 EST 2023: "Scorer": service ping is up
Mon Nov 27 15:24:34 EST 2023: ---- Scorer ending ----
Mon Nov 27 15:24:44 EST 2023: ---- John_Franco starting ----
Mon Nov 27 15:24:44 EST 2023: "John_Franco": service ping is up
Mon Nov 27 15:24:44 EST 2023: ---- John_Franco ending ----
Mon Nov 27 15:24:54 EST 2023: ---- John_F starting ----
Mon Nov 27 15:24:54 EST 2023: "John_F": service ping is up
Mon Nov 27 15:24:54 EST 2023: ---- John_F ending ----
Mon Nov 27 15:25:04 EST 2023: ---- Scorer starting ----
Mon Nov 27 15:25:04 EST 2023: "Scorer": service ping is up
Mon Nov 27 15:25:04 EST 2023: ---- Scorer ending ----
Mon Nov 27 15:25:14 EST 2023: ---- John_Franco starting ----
Mon Nov 27 15:25:14 EST 2023: "John_Franco": service ping is up
Mon Nov 27 15:25:14 EST 2023: ---- John_Franco ending ----
Mon Nov 27 15:25:24 EST 2023: ---- John_F starting ----
Mon Nov 27 15:25:24 EST 2023: "John_F": service ping is up
Mon Nov 27 15:25:24 EST 2023: ---- John_F ending ----
Mon Nov 27 15:25:34 EST 2023: ---- Scorer starting ----
Mon Nov 27 15:25:34 EST 2023: "Scorer": service ping is up
Mon Nov 27 15:25:34 EST 2023: ---- Scorer ending ----
Mon Nov 27 15:25:44 EST 2023: ---- John_Franco starting ----
Mon Nov 27 15:25:44 EST 2023: "John_Franco": service ping is up
Mon Nov 27 15:25:44 EST 2023: ---- John_Franco ending ----
Mon Nov 27 15:25:54 EST 2023: ---- John_F starting ----
Mon Nov 27 15:25:54 EST 2023: "John_F": service ping is up
Mon Nov 27 15:25:54 EST 2023: ---- John_F ending ----
Mon Nov 27 15:26:04 EST 2023: ---- Scorer starting ----
Mon Nov 27 15:26:04 EST 2023: "Scorer": service ping is up
Mon Nov 27 15:26:04 EST 2023: ---- Scorer ending ----
Mon Nov 27 15:26:14 EST 2023: ---- John_Franco starting ----
Mon Nov 27 15:26:14 EST 2023: "John_Franco": service ping is up
Mon Nov 27 15:26:14 EST 2023: ---- John_Franco ending ----
Mon Nov 27 15:26:24 EST 2023: ---- John_F starting ----
Mon Nov 27 15:26:24 EST 2023: "John_F": service ping is up
Mon Nov 27 15:26:24 EST 2023: ---- John_F ending ----
Mon Nov 27 15:26:34 EST 2023: ---- Scorer starting ----
Mon Nov 27 15:26:34 EST 2023: "Scorer": service ping is up
Mon Nov 27 15:26:34 EST 2023: ---- Scorer ending ----
Mon Nov 27 15:26:44 EST 2023: ---- John_Franco starting ----
Mon Nov 27 15:26:44 EST 2023: "John_Franco": service ping is up
Mon Nov 27 15:26:44 EST 2023: ---- John_Franco ending ----
Mon Nov 27 15:26:54 EST 2023: ---- John_F starting ----
Mon Nov 27 15:26:54 EST 2023: "John_F": service ping is up
Mon Nov 27 15:26:54 EST 2023: ---- John_F ending ----
Mon Nov 27 15:27:04 EST 2023: ---- Scorer starting ----
Mon Nov 27 15:27:04 EST 2023: "Scorer": service ping is up
Mon Nov 27 15:27:04 EST 2023: ---- Scorer ending ----
Mon Nov 27 15:27:14 EST 2023: ---- John_Franco starting ----
Mon Nov 27 15:27:14 EST 2023: "John_Franco": service ping is up
Mon Nov 27 15:27:14 EST 2023: ---- John_Franco ending ----
Mon Nov 27 15:27:24 EST 2023: ---- John_F starting ----
Mon Nov 27 15:27:25 EST 2023: "John_F": service ping is up
Mon Nov 27 15:27:25 EST 2023: ---- John_F ending ----
Mon Nov 27 15:27:34 EST 2023: ---- Scorer starting ----
Mon Nov 27 15:27:35 EST 2023: "Scorer": service ping is up
Mon Nov 27 15:27:35 EST 2023: ---- Scorer ending ----
Mon Nov 27 15:27:44 EST 2023: ---- John_Franco starting ----
Mon Nov 27 15:27:45 EST 2023: "John_Franco": service ping is up
Mon Nov 27 15:27:45 EST 2023: ---- John_Franco ending ----
Mon Nov 27 15:27:54 EST 2023: ---- John_F starting ----
Mon Nov 27 15:27:55 EST 2023: "John_F": service ping is up
Mon Nov 27 15:27:55 EST 2023: ---- John_F ending ----
Mon Nov 27 15:28:04 EST 2023: ---- Scorer starting ----
Mon Nov 27 15:28:05 EST 2023: "Scorer": service ping is up
Mon Nov 27 15:28:05 EST 2023: ---- Scorer ending ----
Mon Nov 27 15:28:14 EST 2023: ---- John_Franco starting ----
Mon Nov 27 15:28:15 EST 2023: "John_Franco": service ping is up
Mon Nov 27 15:28:15 EST 2023: ---- John_Franco ending ----
Mon Nov 27 15:28:24 EST 2023: ---- John_F starting ----
Mon Nov 27 15:28:25 EST 2023: "John_F": service ping is up
Mon Nov 27 15:28:25 EST 2023: ---- John_F ending ----
Mon Nov 27 15:28:34 EST 2023: ---- Scorer starting ----
Mon Nov 27 15:28:35 EST 2023: "Scorer": service ping is up
Mon Nov 27 15:28:35 EST 2023: ---- Scorer ending ----
Mon Nov 27 15:28:44 EST 2023: ---- John_Franco starting ----
Mon Nov 27 15:28:45 EST 2023: "John_Franco": service ping is up
Mon Nov 27 15:28:45 EST 2023: ---- John_Franco ending ----
Mon Nov 27 15:28:54 EST 2023: ---- John_F starting ----
Mon Nov 27 15:28:55 EST 2023: "John_F": service ping is up
Mon Nov 27 15:28:55 EST 2023: ---- John_F ending ----
Mon Nov 27 15:29:04 EST 2023: ---- Scorer starting ----
Mon Nov 27 15:29:05 EST 2023: "Scorer": service ping is up
Mon Nov 27 15:29:05 EST 2023: ---- Scorer ending ----
Mon Nov 27 15:29:14 EST 2023: ---- John_Franco starting ----
Mon Nov 27 15:29:15 EST 2023: "John_Franco": service ping is up
Mon Nov 27 15:29:15 EST 2023: ---- John_Franco ending ----
Mon Nov 27 15:29:24 EST 2023: ---- John_F starting ----
Mon Nov 27 15:29:25 EST 2023: "John_F": service ping is up
Mon Nov 27 15:29:25 EST 2023: ---- John_F ending ----
Mon Nov 27 15:29:34 EST 2023: ---- Scorer starting ----
Mon Nov 27 15:29:35 EST 2023: "Scorer": service ping is up
Mon Nov 27 15:29:35 EST 2023: ---- Scorer ending ----
Mon Nov 27 15:29:44 EST 2023: ---- John_Franco starting ----
Mon Nov 27 15:29:45 EST 2023: "John_Franco": service ping is up
Mon Nov 27 15:29:45 EST 2023: ---- John_Franco ending ----
Mon Nov 27 15:29:54 EST 2023: ---- John_F starting ----
Mon Nov 27 15:29:54 EST 2023: "John_F": service ping is up
Mon Nov 27 15:29:54 EST 2023: ---- John_F ending ----
Mon Nov 27 15:30:04 EST 2023: ---- Scorer starting ----
Mon Nov 27 15:30:04 EST 2023: "Scorer": service ping is up
Mon Nov 27 15:30:04 EST 2023: ---- Scorer ending ----
Mon Nov 27 15:30:14 EST 2023: ---- John_Franco starting ----
Mon Nov 27 15:30:14 EST 2023: "John_Franco": service ping is up
Mon Nov 27 15:30:14 EST 2023: ---- John_Franco ending ----
Mon Nov 27 15:30:24 EST 2023: ---- John_F starting ----
Mon Nov 27 15:30:24 EST 2023: "John_F": service ping is up
Mon Nov 27 15:30:24 EST 2023: ---- John_F ending ----
Mon Nov 27 15:30:34 EST 2023: ---- Scorer starting ----
Mon Nov 27 15:30:34 EST 2023: "Scorer": service ping is up
Mon Nov 27 15:30:34 EST 2023: ---- Scorer ending ----
Mon Nov 27 15:30:44 EST 2023: ---- John_Franco starting ----
Mon Nov 27 15:30:44 EST 2023: "John_Franco": service ping is up
Mon Nov 27 15:30:44 EST 2023: ---- John_Franco ending ----
Mon Nov 27 15:30:54 EST 2023: ---- John_F starting ----
Mon Nov 27 15:30:54 EST 2023: "John_F": service ping is up
Mon Nov 27 15:30:54 EST 2023: ---- John_F ending ----
Mon Nov 27 15:31:04 EST 2023: ---- Scorer starting ----
Mon Nov 27 15:31:04 EST 2023: "Scorer": service ping is up
Mon Nov 27 15:31:04 EST 2023: ---- Scorer ending ----
Mon Nov 27 15:31:14 EST 2023: ---- John_Franco starting ----
Mon Nov 27 15:31:14 EST 2023: "John_Franco": service ping is up
Mon Nov 27 15:31:14 EST 2023: ---- John_Franco ending ----
Mon Nov 27 15:31:24 EST 2023: ---- John_F starting ----
Mon Nov 27 15:31:24 EST 2023: "John_F": service ping is up
Mon Nov 27 15:31:24 EST 2023: ---- John_F ending ----
Mon Nov 27 15:31:34 EST 2023: ---- Scorer starting ----
Mon Nov 27 15:31:34 EST 2023: "Scorer": service ping is up
Mon Nov 27 15:31:34 EST 2023: ---- Scorer ending ----
Mon Nov 27 15:31:44 EST 2023: ---- John_Franco starting ----
Mon Nov 27 15:31:44 EST 2023: "John_Franco": service ping is up
Mon Nov 27 15:31:44 EST 2023: ---- John_Franco ending ----
Mon Nov 27 15:31:54 EST 2023: ---- John_F starting ----
Mon Nov 27 15:31:54 EST 2023: "John_F": service ping is up
Mon Nov 27 15:31:54 EST 2023: ---- John_F ending ----
Mon Nov 27 15:32:04 EST 2023: ---- Scorer starting ----
Mon Nov 27 15:32:04 EST 2023: "Scorer": service ping is up
Mon Nov 27 15:32:04 EST 2023: ---- Scorer ending ----
Mon Nov 27 15:32:14 EST 2023: ---- John_Franco starting ----
Mon Nov 27 15:32:14 EST 2023: "John_Franco": service ping is up
Mon Nov 27 15:32:14 EST 2023: ---- John_Franco ending ----
Mon Nov 27 15:32:24 EST 2023: ---- John_F starting ----
Mon Nov 27 15:32:24 EST 2023: "John_F": service ping is up
Mon Nov 27 15:32:24 EST 2023: ---- John_F ending ----
Mon Nov 27 15:32:34 EST 2023: ---- Scorer starting ----
Mon Nov 27 15:32:34 EST 2023: "Scorer": service ping is up
Mon Nov 27 15:32:34 EST 2023: ---- Scorer ending ----
Mon Nov 27 15:32:44 EST 2023: ---- John_Franco starting ----
Mon Nov 27 15:32:44 EST 2023: "John_Franco": service ping is up
Mon Nov 27 15:32:44 EST 2023: ---- John_Franco ending ----
Mon Nov 27 15:32:54 EST 2023: ---- John_F starting ----
Mon Nov 27 15:32:54 EST 2023: "John_F": service ping is up
Mon Nov 27 15:32:54 EST 2023: ---- John_F ending ----
Mon Nov 27 15:33:04 EST 2023: ---- Scorer starting ----
Mon Nov 27 15:33:04 EST 2023: "Scorer": service ping is up
Mon Nov 27 15:33:04 EST 2023: ---- Scorer ending ----
Mon Nov 27 15:33:14 EST 2023: ---- John_Franco starting ----
Mon Nov 27 15:33:14 EST 2023: "John_Franco": service ping is up
Mon Nov 27 15:33:14 EST 2023: ---- John_Franco ending ----
Mon Nov 27 15:33:24 EST 2023: ---- John_F starting ----
Mon Nov 27 15:33:24 EST 2023: "John_F": service ping is up
Mon Nov 27 15:33:24 EST 2023: ---- John_F ending ----
Mon Nov 27 15:33:34 EST 2023: ---- Scorer starting ----
Mon Nov 27 15:33:34 EST 2023: "Scorer": service ping is up
Mon Nov 27 15:33:34 EST 2023: ---- Scorer ending ----
Mon Nov 27 15:33:44 EST 2023: ---- John_Franco starting ----
Mon Nov 27 15:33:44 EST 2023: "John_Franco": service ping is up
Mon Nov 27 15:33:44 EST 2023: ---- John_Franco ending ----
Mon Nov 27 15:33:54 EST 2023: ---- John_F starting ----
Mon Nov 27 15:33:54 EST 2023: "John_F": service ping is up
Mon Nov 27 15:33:54 EST 2023: ---- John_F ending ----
Mon Nov 27 15:34:04 EST 2023: ---- Scorer starting ----
Mon Nov 27 15:34:04 EST 2023: "Scorer": service ping is up
Mon Nov 27 15:34:04 EST 2023: ---- Scorer ending ----
Mon Nov 27 15:34:14 EST 2023: ---- John_Franco starting ----
Mon Nov 27 15:34:14 EST 2023: "John_Franco": service ping is up
Mon Nov 27 15:34:14 EST 2023: ---- John_Franco ending ----
Mon Nov 27 15:34:24 EST 2023: ---- John_F starting ----
Mon Nov 27 15:34:24 EST 2023: "John_F": service ping is up
Mon Nov 27 15:34:24 EST 2023: ---- John_F ending ----
Mon Nov 27 15:34:34 EST 2023: ---- Scorer starting ----
Mon Nov 27 15:34:34 EST 2023: "Scorer": service ping is up
Mon Nov 27 15:34:34 EST 2023: ---- Scorer ending ----
Mon Nov 27 15:34:44 EST 2023: ---- John_Franco starting ----
Mon Nov 27 15:34:45 EST 2023: "John_Franco": service ping is up
Mon Nov 27 15:34:45 EST 2023: ---- John_Franco ending ----
Mon Nov 27 15:34:54 EST 2023: ---- John_F starting ----
Mon Nov 27 15:34:54 EST 2023: "John_F": service ping is up
Mon Nov 27 15:34:54 EST 2023: ---- John_F ending ----
Mon Nov 27 15:35:04 EST 2023: ---- Scorer starting ----
Mon Nov 27 15:35:04 EST 2023: "Scorer": service ping is up
Mon Nov 27 15:35:04 EST 2023: ---- Scorer ending ----
Mon Nov 27 15:35:14 EST 2023: ---- John_Franco starting ----
Mon Nov 27 15:35:14 EST 2023: "John_Franco": service ping is up
Mon Nov 27 15:35:14 EST 2023: ---- John_Franco ending ----
Mon Nov 27 15:35:24 EST 2023: ---- John_F starting ----
Mon Nov 27 15:35:24 EST 2023: "John_F": service ping is up
Mon Nov 27 15:35:24 EST 2023: ---- John_F ending ----
Mon Nov 27 15:35:34 EST 2023: ---- Scorer starting ----
Mon Nov 27 15:35:34 EST 2023: "Scorer": service ping is up
Mon Nov 27 15:35:34 EST 2023: ---- Scorer ending ----
Mon Nov 27 15:35:44 EST 2023: ---- John_Franco starting ----
Mon Nov 27 15:35:44 EST 2023: "John_Franco": service ping is up
Mon Nov 27 15:35:44 EST 2023: ---- John_Franco ending ----
Mon Nov 27 15:35:54 EST 2023: ---- John_F starting ----
Mon Nov 27 15:35:54 EST 2023: "John_F": service ping is up
Mon Nov 27 15:35:54 EST 2023: ---- John_F ending ----
Mon Nov 27 15:36:04 EST 2023: ---- Scorer starting ----
Mon Nov 27 15:36:04 EST 2023: "Scorer": service ping is up
Mon Nov 27 15:36:04 EST 2023: ---- Scorer ending ----
Mon Nov 27 15:36:14 EST 2023: ---- John_Franco starting ----
Mon Nov 27 15:36:14 EST 2023: "John_Franco": service ping is up
Mon Nov 27 15:36:14 EST 2023: ---- John_Franco ending ----
Mon Nov 27 15:36:24 EST 2023: ---- John_F starting ----
Mon Nov 27 15:36:24 EST 2023: "John_F": service ping is up
Mon Nov 27 15:36:24 EST 2023: ---- John_F ending ----
Mon Nov 27 15:36:34 EST 2023: ---- Scorer starting ----
Mon Nov 27 15:36:34 EST 2023: "Scorer": service ping is up
Mon Nov 27 15:36:34 EST 2023: ---- Scorer ending ----
Mon Nov 27 15:36:44 EST 2023: ---- John_Franco starting ----
Mon Nov 27 15:36:44 EST 2023: "John_Franco": service ping is up
Mon Nov 27 15:36:44 EST 2023: ---- John_Franco ending ----
Mon Nov 27 15:36:54 EST 2023: ---- John_F starting ----
Mon Nov 27 15:36:54 EST 2023: "John_F": service ping is up
Mon Nov 27 15:36:54 EST 2023: ---- John_F ending ----
Mon Nov 27 15:37:04 EST 2023: ---- Scorer starting ----
Mon Nov 27 15:37:04 EST 2023: "Scorer": service ping is up
Mon Nov 27 15:37:04 EST 2023: ---- Scorer ending ----
Mon Nov 27 15:37:14 EST 2023: ---- John_Franco starting ----
Mon Nov 27 15:37:14 EST 2023: "John_Franco": service ping is up
Mon Nov 27 15:37:14 EST 2023: ---- John_Franco ending ----
Mon Nov 27 15:37:24 EST 2023: ---- John_F starting ----
Mon Nov 27 15:37:24 EST 2023: "John_F": service ping is up
Mon Nov 27 15:37:24 EST 2023: ---- John_F ending ----
Mon Nov 27 15:37:34 EST 2023: ---- Scorer starting ----
Mon Nov 27 15:37:34 EST 2023: "Scorer": service ping is up
Mon Nov 27 15:37:34 EST 2023: ---- Scorer ending ----
Mon Nov 27 15:37:44 EST 2023: ---- John_Franco starting ----
Mon Nov 27 15:37:44 EST 2023: "John_Franco": service ping is up
Mon Nov 27 15:37:44 EST 2023: ---- John_Franco ending ----
Mon Nov 27 15:37:54 EST 2023: ---- John_F starting ----
Mon Nov 27 15:37:54 EST 2023: "John_F": service ping is up
Mon Nov 27 15:37:54 EST 2023: ---- John_F ending ----
Mon Nov 27 15:38:04 EST 2023: ---- Scorer starting ----
Mon Nov 27 15:38:04 EST 2023: "Scorer": service ping is up
Mon Nov 27 15:38:04 EST 2023: ---- Scorer ending ----
Mon Nov 27 15:38:14 EST 2023: ---- John_Franco starting ----
Mon Nov 27 15:38:14 EST 2023: "John_Franco": service ping is up
Mon Nov 27 15:38:14 EST 2023: ---- John_Franco ending ----
Mon Nov 27 15:38:24 EST 2023: ---- John_F starting ----
Mon Nov 27 15:38:24 EST 2023: "John_F": service ping is up
Mon Nov 27 15:38:24 EST 2023: ---- John_F ending ----
Mon Nov 27 15:38:34 EST 2023: ---- Scorer starting ----
Mon Nov 27 15:38:34 EST 2023: "Scorer": service ping is up
Mon Nov 27 15:38:34 EST 2023: ---- Scorer ending ----
Mon Nov 27 15:38:44 EST 2023: ---- John_Franco starting ----
Mon Nov 27 15:38:44 EST 2023: "John_Franco": service ping is up
Mon Nov 27 15:38:44 EST 2023: ---- John_Franco ending ----
Mon Nov 27 15:38:54 EST 2023: ---- John_F starting ----
Mon Nov 27 15:38:54 EST 2023: "John_F": service ping is up
Mon Nov 27 15:38:54 EST 2023: ---- John_F ending ----
Mon Nov 27 15:39:04 EST 2023: ---- Scorer starting ----
Mon Nov 27 15:39:04 EST 2023: "Scorer": service ping is up
Mon Nov 27 15:39:04 EST 2023: ---- Scorer ending ----
Mon Nov 27 15:39:14 EST 2023: ---- John_Franco starting ----
Mon Nov 27 15:39:14 EST 2023: "John_Franco": service ping is up
Mon Nov 27 15:39:14 EST 2023: ---- John_Franco ending ----
Mon Nov 27 15:39:24 EST 2023: ---- John_F starting ----
Mon Nov 27 15:39:24 EST 2023: "John_F": service ping is up
Mon Nov 27 15:39:24 EST 2023: ---- John_F ending ----
Mon Nov 27 15:39:34 EST 2023: ---- Scorer starting ----
Mon Nov 27 15:39:34 EST 2023: "Scorer": service ping is up
Mon Nov 27 15:39:34 EST 2023: ---- Scorer ending ----
Mon Nov 27 15:39:44 EST 2023: ---- John_Franco starting ----
Mon Nov 27 15:39:44 EST 2023: "John_Franco": service ping is up
Mon Nov 27 15:39:44 EST 2023: ---- John_Franco ending ----
Mon Nov 27 15:39:54 EST 2023: ---- John_F starting ----
Mon Nov 27 15:39:54 EST 2023: "John_F": service ping is up
Mon Nov 27 15:39:54 EST 2023: ---- John_F ending ----
Mon Nov 27 15:40:04 EST 2023: ---- Scorer starting ----
Mon Nov 27 15:40:04 EST 2023: "Scorer": service ping is up
Mon Nov 27 15:40:04 EST 2023: ---- Scorer ending ----
Mon Nov 27 15:40:14 EST 2023: ---- John_Franco starting ----
Mon Nov 27 15:40:14 EST 2023: "John_Franco": service ping is up
Mon Nov 27 15:40:14 EST 2023: ---- John_Franco ending ----
Mon Nov 27 15:40:24 EST 2023: ---- John_F starting ----
Mon Nov 27 15:40:24 EST 2023: "John_F": service ping is up
Mon Nov 27 15:40:24 EST 2023: ---- John_F ending ----
Mon Nov 27 15:40:34 EST 2023: ---- Scorer starting ----
Mon Nov 27 15:40:34 EST 2023: "Scorer": service ping is up
Mon Nov 27 15:40:34 EST 2023: ---- Scorer ending ----
